<?xml version="1.0" encoding="UTF-8"?>
<testsuite name="com.example.publishersubscriber.apitests.PublisherSubscriberApplicationTests" tests="7" skipped="0" failures="0" errors="0" timestamp="2024-09-19T00:25:17" hostname="LAPTOP-R7CF2HC0" time="0.522">
  <properties/>
  <testcase name="testDeleteTopic()" classname="com.example.publishersubscriber.apitests.PublisherSubscriberApplicationTests" time="0.318"/>
  <testcase name="testRegisterSubscriber()" classname="com.example.publishersubscriber.apitests.PublisherSubscriberApplicationTests" time="0.028"/>
  <testcase name="testCreateTopic()" classname="com.example.publishersubscriber.apitests.PublisherSubscriberApplicationTests" time="0.017"/>
  <testcase name="testSendMessage()" classname="com.example.publishersubscriber.apitests.PublisherSubscriberApplicationTests" time="0.016"/>
  <testcase name="testSubscribeToTopic()" classname="com.example.publishersubscriber.apitests.PublisherSubscriberApplicationTests" time="0.015"/>
  <testcase name="testRegisterPublisher()" classname="com.example.publishersubscriber.apitests.PublisherSubscriberApplicationTests" time="0.012"/>
  <testcase name="testPullMessagesFromPool()" classname="com.example.publishersubscriber.apitests.PublisherSubscriberApplicationTests" time="0.077"/>
  <system-out><![CDATA[19:25:10.306 [Test worker] INFO org.springframework.test.context.support.AnnotationConfigContextLoaderUtils -- Could not detect default configuration classes for test class [com.example.publishersubscriber.apitests.PublisherSubscriberApplicationTests]: PublisherSubscriberApplicationTests does not declare any static, non-private, non-final, nested classes annotated with @Configuration.
19:25:10.684 [Test worker] INFO org.springframework.boot.test.context.SpringBootTestContextBootstrapper -- Found @SpringBootConfiguration com.example.publishersubscriber.PublisherSubscriberApplication for test class com.example.publishersubscriber.apitests.PublisherSubscriberApplicationTests

  .   ____          _            __ _ _
 /\\ / ___'_ __ _ _(_)_ __  __ _ \ \ \ \
( ( )\___ | '_ | '_| | '_ \/ _` | \ \ \ \
 \\/  ___)| |_)| | | | | || (_| |  ) ) ) )
  '  |____| .__|_| |_|_| |_\__, | / / / /
 =========|_|==============|___/=/_/_/_/

 :: Spring Boot ::                (v3.3.3)

2024-09-18T19:25:14.658-05:00  INFO 916 --- [    Test worker] .p.a.PublisherSubscriberApplicationTests : Starting PublisherSubscriberApplicationTests using Java 17.0.12 with PID 916 (started by prakr in C:\Users\prakr\Desktop\Sem1\Operating Systems\PublisherSubscriber\PublisherSubscriber)
2024-09-18T19:25:14.664-05:00  INFO 916 --- [    Test worker] .p.a.PublisherSubscriberApplicationTests : No active profile set, falling back to 1 default profile: "default"
2024-09-18T19:25:17.184-05:00  INFO 916 --- [    Test worker] o.s.b.t.m.w.SpringBootMockServletContext : Initializing Spring TestDispatcherServlet ''
2024-09-18T19:25:17.184-05:00  INFO 916 --- [    Test worker] o.s.t.web.servlet.TestDispatcherServlet  : Initializing Servlet ''
2024-09-18T19:25:17.189-05:00  INFO 916 --- [    Test worker] o.s.t.web.servlet.TestDispatcherServlet  : Completed initialization in 5 ms
2024-09-18T19:25:17.276-05:00  INFO 916 --- [    Test worker] .p.a.PublisherSubscriberApplicationTests : Started PublisherSubscriberApplicationTests in 3.756 seconds (process running for 9.373)
2024-09-18T19:25:17.350-05:00  INFO 916 --- [    Test worker] o.s.b.t.m.w.SpringBootMockServletContext : Initializing Spring TestDispatcherServlet ''
2024-09-18T19:25:17.350-05:00  INFO 916 --- [    Test worker] o.s.t.web.servlet.TestDispatcherServlet  : Initializing Servlet ''
2024-09-18T19:25:17.350-05:00  INFO 916 --- [    Test worker] o.s.t.web.servlet.TestDispatcherServlet  : Completed initialization in 0 ms
2024-09-18T19:25:17.653-05:00  INFO 916 --- [    Test worker] o.s.b.t.m.w.SpringBootMockServletContext : Initializing Spring TestDispatcherServlet ''
2024-09-18T19:25:17.653-05:00  INFO 916 --- [    Test worker] o.s.t.web.servlet.TestDispatcherServlet  : Initializing Servlet ''
2024-09-18T19:25:17.653-05:00  INFO 916 --- [    Test worker] o.s.t.web.servlet.TestDispatcherServlet  : Completed initialization in 0 ms
2024-09-18T19:25:17.687-05:00  INFO 916 --- [    Test worker] o.s.b.t.m.w.SpringBootMockServletContext : Initializing Spring TestDispatcherServlet ''
2024-09-18T19:25:17.687-05:00  INFO 916 --- [    Test worker] o.s.t.web.servlet.TestDispatcherServlet  : Initializing Servlet ''
2024-09-18T19:25:17.688-05:00  INFO 916 --- [    Test worker] o.s.t.web.servlet.TestDispatcherServlet  : Completed initialization in 1 ms
2024-09-18T19:25:17.707-05:00  INFO 916 --- [    Test worker] o.s.b.t.m.w.SpringBootMockServletContext : Initializing Spring TestDispatcherServlet ''
2024-09-18T19:25:17.709-05:00  INFO 916 --- [    Test worker] o.s.t.web.servlet.TestDispatcherServlet  : Initializing Servlet ''
2024-09-18T19:25:17.709-05:00  INFO 916 --- [    Test worker] o.s.t.web.servlet.TestDispatcherServlet  : Completed initialization in 0 ms
2024-09-18T19:25:17.730-05:00  INFO 916 --- [    Test worker] o.s.b.t.m.w.SpringBootMockServletContext : Initializing Spring TestDispatcherServlet ''
2024-09-18T19:25:17.730-05:00  INFO 916 --- [    Test worker] o.s.t.web.servlet.TestDispatcherServlet  : Initializing Servlet ''
2024-09-18T19:25:17.732-05:00  INFO 916 --- [    Test worker] o.s.t.web.servlet.TestDispatcherServlet  : Completed initialization in 2 ms
2024-09-18T19:25:17.748-05:00  INFO 916 --- [    Test worker] o.s.b.t.m.w.SpringBootMockServletContext : Initializing Spring TestDispatcherServlet ''
2024-09-18T19:25:17.752-05:00  INFO 916 --- [    Test worker] o.s.t.web.servlet.TestDispatcherServlet  : Initializing Servlet ''
2024-09-18T19:25:17.754-05:00  INFO 916 --- [    Test worker] o.s.t.web.servlet.TestDispatcherServlet  : Completed initialization in 1 ms
2024-09-18T19:25:17.773-05:00  INFO 916 --- [    Test worker] o.s.b.t.m.w.SpringBootMockServletContext : Initializing Spring TestDispatcherServlet ''
2024-09-18T19:25:17.774-05:00  INFO 916 --- [    Test worker] o.s.t.web.servlet.TestDispatcherServlet  : Initializing Servlet ''
2024-09-18T19:25:17.774-05:00  INFO 916 --- [    Test worker] o.s.t.web.servlet.TestDispatcherServlet  : Completed initialization in 0 ms
]]></system-out>
  <system-err><![CDATA[]]></system-err>
</testsuite>
