<?xml version="1.0" encoding="UTF-8"?>
<testsuite name="com.example.publishersubscriber.apitests.PublisherSubscriberApplicationTests" tests="7" skipped="0" failures="0" errors="0" timestamp="2024-09-19T06:11:21" hostname="LAPTOP-R7CF2HC0" time="0.587">
  <properties/>
  <testcase name="testDeleteTopic()" classname="com.example.publishersubscriber.apitests.PublisherSubscriberApplicationTests" time="0.367"/>
  <testcase name="testRegisterSubscriber()" classname="com.example.publishersubscriber.apitests.PublisherSubscriberApplicationTests" time="0.04"/>
  <testcase name="testCreateTopic()" classname="com.example.publishersubscriber.apitests.PublisherSubscriberApplicationTests" time="0.018"/>
  <testcase name="testSendMessage()" classname="com.example.publishersubscriber.apitests.PublisherSubscriberApplicationTests" time="0.015"/>
  <testcase name="testSubscribeToTopic()" classname="com.example.publishersubscriber.apitests.PublisherSubscriberApplicationTests" time="0.022"/>
  <testcase name="testRegisterPublisher()" classname="com.example.publishersubscriber.apitests.PublisherSubscriberApplicationTests" time="0.017"/>
  <testcase name="testPullMessagesFromPool()" classname="com.example.publishersubscriber.apitests.PublisherSubscriberApplicationTests" time="0.064"/>
  <system-out><![CDATA[01:11:15.150 [Test worker] INFO org.springframework.test.context.support.AnnotationConfigContextLoaderUtils -- Could not detect default configuration classes for test class [com.example.publishersubscriber.apitests.PublisherSubscriberApplicationTests]: PublisherSubscriberApplicationTests does not declare any static, non-private, non-final, nested classes annotated with @Configuration.
01:11:15.490 [Test worker] INFO org.springframework.boot.test.context.SpringBootTestContextBootstrapper -- Found @SpringBootConfiguration com.example.publishersubscriber.PublisherSubscriberApplication for test class com.example.publishersubscriber.apitests.PublisherSubscriberApplicationTests

  .   ____          _            __ _ _
 /\\ / ___'_ __ _ _(_)_ __  __ _ \ \ \ \
( ( )\___ | '_ | '_| | '_ \/ _` | \ \ \ \
 \\/  ___)| |_)| | | | | || (_| |  ) ) ) )
  '  |____| .__|_| |_|_| |_\__, | / / / /
 =========|_|==============|___/=/_/_/_/

 :: Spring Boot ::                (v3.3.3)

2024-09-19T01:11:19.471-05:00  INFO 15204 --- [    Test worker] .p.a.PublisherSubscriberApplicationTests : Starting PublisherSubscriberApplicationTests using Java 17.0.12 with PID 15204 (started by prakr in C:\Users\prakr\Desktop\Sem1\Operating Systems\PublisherSubscriber\PublisherSubscriber)
2024-09-19T01:11:19.475-05:00  INFO 15204 --- [    Test worker] .p.a.PublisherSubscriberApplicationTests : No active profile set, falling back to 1 default profile: "default"
2024-09-19T01:11:21.829-05:00  INFO 15204 --- [    Test worker] o.s.b.t.m.w.SpringBootMockServletContext : Initializing Spring TestDispatcherServlet ''
2024-09-19T01:11:21.829-05:00  INFO 15204 --- [    Test worker] o.s.t.web.servlet.TestDispatcherServlet  : Initializing Servlet ''
2024-09-19T01:11:21.833-05:00  INFO 15204 --- [    Test worker] o.s.t.web.servlet.TestDispatcherServlet  : Completed initialization in 2 ms
2024-09-19T01:11:21.921-05:00  INFO 15204 --- [    Test worker] .p.a.PublisherSubscriberApplicationTests : Started PublisherSubscriberApplicationTests in 3.511 seconds (process running for 9.255)
2024-09-19T01:11:21.990-05:00  INFO 15204 --- [    Test worker] o.s.b.t.m.w.SpringBootMockServletContext : Initializing Spring TestDispatcherServlet ''
2024-09-19T01:11:21.990-05:00  INFO 15204 --- [    Test worker] o.s.t.web.servlet.TestDispatcherServlet  : Initializing Servlet ''
2024-09-19T01:11:21.990-05:00  INFO 15204 --- [    Test worker] o.s.t.web.servlet.TestDispatcherServlet  : Completed initialization in 0 ms
2024-09-19T01:11:22.322-05:00  INFO 15204 --- [    Test worker] o.s.b.t.m.w.SpringBootMockServletContext : Initializing Spring TestDispatcherServlet ''
2024-09-19T01:11:22.322-05:00  INFO 15204 --- [    Test worker] o.s.t.web.servlet.TestDispatcherServlet  : Initializing Servlet ''
2024-09-19T01:11:22.330-05:00  INFO 15204 --- [    Test worker] o.s.t.web.servlet.TestDispatcherServlet  : Completed initialization in 0 ms
2024-09-19T01:11:22.375-05:00  INFO 15204 --- [    Test worker] o.s.b.t.m.w.SpringBootMockServletContext : Initializing Spring TestDispatcherServlet ''
2024-09-19T01:11:22.375-05:00  INFO 15204 --- [    Test worker] o.s.t.web.servlet.TestDispatcherServlet  : Initializing Servlet ''
2024-09-19T01:11:22.375-05:00  INFO 15204 --- [    Test worker] o.s.t.web.servlet.TestDispatcherServlet  : Completed initialization in 0 ms
2024-09-19T01:11:22.399-05:00  INFO 15204 --- [    Test worker] o.s.b.t.m.w.SpringBootMockServletContext : Initializing Spring TestDispatcherServlet ''
2024-09-19T01:11:22.399-05:00  INFO 15204 --- [    Test worker] o.s.t.web.servlet.TestDispatcherServlet  : Initializing Servlet ''
2024-09-19T01:11:22.399-05:00  INFO 15204 --- [    Test worker] o.s.t.web.servlet.TestDispatcherServlet  : Completed initialization in 0 ms
2024-09-19T01:11:22.416-05:00  INFO 15204 --- [    Test worker] o.s.b.t.m.w.SpringBootMockServletContext : Initializing Spring TestDispatcherServlet ''
2024-09-19T01:11:22.416-05:00  INFO 15204 --- [    Test worker] o.s.t.web.servlet.TestDispatcherServlet  : Initializing Servlet ''
2024-09-19T01:11:22.430-05:00  INFO 15204 --- [    Test worker] o.s.t.web.servlet.TestDispatcherServlet  : Completed initialization in 14 ms
2024-09-19T01:11:22.451-05:00  INFO 15204 --- [    Test worker] o.s.b.t.m.w.SpringBootMockServletContext : Initializing Spring TestDispatcherServlet ''
2024-09-19T01:11:22.451-05:00  INFO 15204 --- [    Test worker] o.s.t.web.servlet.TestDispatcherServlet  : Initializing Servlet ''
2024-09-19T01:11:22.452-05:00  INFO 15204 --- [    Test worker] o.s.t.web.servlet.TestDispatcherServlet  : Completed initialization in 1 ms
2024-09-19T01:11:22.468-05:00  INFO 15204 --- [    Test worker] o.s.b.t.m.w.SpringBootMockServletContext : Initializing Spring TestDispatcherServlet ''
2024-09-19T01:11:22.474-05:00  INFO 15204 --- [    Test worker] o.s.t.web.servlet.TestDispatcherServlet  : Initializing Servlet ''
2024-09-19T01:11:22.474-05:00  INFO 15204 --- [    Test worker] o.s.t.web.servlet.TestDispatcherServlet  : Completed initialization in 0 ms
]]></system-out>
  <system-err><![CDATA[]]></system-err>
</testsuite>
